<?xml version="1.0" encoding="UTF-8"?>
<testsuite name="org.apache.ofbiz.common.GetLocaleListTests" tests="3" skipped="0" failures="0" errors="0" timestamp="2018-10-02T07:24:37" hostname="vikram-workstation" time="0.802">
  <properties/>
  <testcase name="frenchLocaleName" classname="org.apache.ofbiz.common.GetLocaleListTests" time="0.625"/>
  <testcase name="frenchLocaleString" classname="org.apache.ofbiz.common.GetLocaleListTests" time="0.114"/>
  <testcase name="frenchNoDuplicates" classname="org.apache.ofbiz.common.GetLocaleListTests" time="0.062"/>
  <system-out><![CDATA[]]></system-out>
  <system-err><![CDATA[]]></system-err>
</testsuite>
