<?xml version="1.0" encoding="UTF-8"?>
<testsuite name="org.apache.ofbiz.webapp.control.ExternalLoginKeysManagerTests" tests="4" skipped="0" failures="0" errors="0" timestamp="2020-02-14T05:13:17" hostname="vikram-workstation" time="0.016">
  <properties/>
  <testcase name="getExternalLoginKeyReturnsEmptyKeyIfUserLoginIsNull" classname="org.apache.ofbiz.webapp.control.ExternalLoginKeysManagerTests" time="0.013"/>
  <testcase name="getExternalLoginKeyReturnsKeyFromRequest" classname="org.apache.ofbiz.webapp.control.ExternalLoginKeysManagerTests" time="0.0"/>
  <testcase name="getExternalLoginKeyGeneratesNewKey" classname="org.apache.ofbiz.webapp.control.ExternalLoginKeysManagerTests" time="0.001"/>
  <testcase name="getExternalLoginKeyReturnsKeyFromSessionForAjaxRequests" classname="org.apache.ofbiz.webapp.control.ExternalLoginKeysManagerTests" time="0.001"/>
  <system-out><![CDATA[]]></system-out>
  <system-err><![CDATA[]]></system-err>
</testsuite>
