<?xml version="1.0" encoding="UTF-8"?>
<testsuite name="org.apache.ofbiz.webapp.control.RequestHandlerTests$ResolveMethodTests" tests="2" skipped="0" failures="0" errors="0" timestamp="2020-02-14T05:13:17" hostname="vikram-workstation" time="0.051">
  <properties/>
  <testcase name="resolveMethodCatchAll" classname="org.apache.ofbiz.webapp.control.RequestHandlerTests$ResolveMethodTests" time="0.05"/>
  <testcase name="resolveMethodBasic" classname="org.apache.ofbiz.webapp.control.RequestHandlerTests$ResolveMethodTests" time="0.001"/>
  <system-out><![CDATA[]]></system-out>
  <system-err><![CDATA[]]></system-err>
</testsuite>
