<?xml version="1.0" encoding="UTF-8"?>
<testsuite name="org.apache.ofbiz.widget.renderer.FormRendererTest" tests="4" skipped="0" failures="0" errors="0" timestamp="2020-03-06T11:09:07" hostname="LAPTOP-FHJVNB38" time="0.816">
  <properties/>
  <testcase name="fieldsToRenderBasicUseWhen" classname="org.apache.ofbiz.widget.renderer.FormRendererTest" time="0.683"/>
  <testcase name="fieldsToRenderBasic" classname="org.apache.ofbiz.widget.renderer.FormRendererTest" time="0.001"/>
  <testcase name="fieldsToRenderDuplicates" classname="org.apache.ofbiz.widget.renderer.FormRendererTest" time="0.001"/>
  <testcase name="fieldsToRenderDuplicatesUseWhen" classname="org.apache.ofbiz.widget.renderer.FormRendererTest" time="0.131"/>
  <system-out><![CDATA[]]></system-out>
  <system-err><![CDATA[]]></system-err>
</testsuite>
