<?xml version="1.0" encoding="UTF-8"?>
<testsuite name="org.apache.ofbiz.entity.util.EntitySaxReaderTests" tests="3" skipped="0" failures="0" errors="0" timestamp="2018-10-02T07:24:35" hostname="vikram-workstation" time="1.142">
  <properties/>
  <testcase name="constructorWithTimeout" classname="org.apache.ofbiz.entity.util.EntitySaxReaderTests" time="0.18"/>
  <testcase name="parse" classname="org.apache.ofbiz.entity.util.EntitySaxReaderTests" time="0.962"/>
  <testcase name="constructorWithDefaultTimeout" classname="org.apache.ofbiz.entity.util.EntitySaxReaderTests" time="0.0"/>
  <system-out><![CDATA[2018-10-02 12:54:35,963 |OFBiz-batch-2        |DatabaseUtil                  |I| - full outer joins          [false]
2018-10-02 12:54:35,963 |OFBiz-batch-2        |DatabaseUtil                  |I| - group by                  [true]*
2018-10-02 12:54:35,963 |OFBiz-batch-2        |DatabaseUtil                  |I| - group by not in select    [true]
2018-10-02 12:54:35,963 |OFBiz-batch-2        |DatabaseUtil                  |I| - column aliasing           [true]
2018-10-02 12:54:35,963 |OFBiz-batch-2        |DatabaseUtil                  |I| - order by not in select    [false]
2018-10-02 12:54:35,963 |OFBiz-batch-2        |DatabaseUtil                  |I| - alter table add column    [true]*
2018-10-02 12:54:35,963 |OFBiz-batch-2        |DatabaseUtil                  |I| - non-nullable column       [true]*
2018-10-02 12:54:35,963 |OFBiz-batch-2        |DatabaseUtil                  |I| - default fetchsize        [0]
2018-10-02 12:54:35,963 |OFBiz-batch-2        |DatabaseUtil                  |I| - named parameters         [ SKIPPED ]
2018-10-02 12:54:35,963 |OFBiz-batch-2        |DatabaseUtil                  |I| Getting Table Info From Database
2018-10-02 12:54:37,108 |Test worker          |EntitySaxReader               |I| Transaction Timeout set to 2 hours (7200 seconds)
2018-10-02 12:54:37,110 |Test worker          |EntitySaxReader               |I| Finished 1 values from Internal Content
]]></system-out>
  <system-err><![CDATA[]]></system-err>
</testsuite>
