<?xml version="1.0" encoding="UTF-8"?>
<testsuite name="org.apache.ofbiz.webapp.control.RequestHandlerTests$ResolveMethodTests" tests="2" skipped="0" failures="0" errors="0" timestamp="2020-03-06T11:09:07" hostname="LAPTOP-FHJVNB38" time="0.264">
  <properties/>
  <testcase name="resolveMethodCatchAll" classname="org.apache.ofbiz.webapp.control.RequestHandlerTests$ResolveMethodTests" time="0.262"/>
  <testcase name="resolveMethodBasic" classname="org.apache.ofbiz.webapp.control.RequestHandlerTests$ResolveMethodTests" time="0.002"/>
  <system-out><![CDATA[]]></system-out>
  <system-err><![CDATA[]]></system-err>
</testsuite>
