<?xml version="1.0" encoding="UTF-8"?>
<testsuite name="org.apache.ofbiz.base.util.template.FreeMarkerWorkerTests" tests="1" skipped="0" failures="0" errors="0" timestamp="2020-03-06T11:08:29" hostname="LAPTOP-FHJVNB38" time="3.78">
  <properties/>
  <testcase name="renderTemplateFromString" classname="org.apache.ofbiz.base.util.template.FreeMarkerWorkerTests" time="3.78"/>
  <system-out><![CDATA[]]></system-out>
  <system-err><![CDATA[]]></system-err>
</testsuite>
