<?xml version="1.0" encoding="UTF-8"?>
<testsuite name="org.apache.ofbiz.webapp.control.RequestHandlerTests$ResolveURITests" tests="7" skipped="0" failures="0" errors="0" timestamp="2020-03-06T11:09:07" hostname="LAPTOP-FHJVNB38" time="0.149">
  <properties/>
  <testcase name="resolveURIBasicOverrideView" classname="org.apache.ofbiz.webapp.control.RequestHandlerTests$ResolveURITests" time="0.088"/>
  <testcase name="resolveURIUpperCase" classname="org.apache.ofbiz.webapp.control.RequestHandlerTests$ResolveURITests" time="0.005"/>
  <testcase name="resolveURIMissingOverrideView" classname="org.apache.ofbiz.webapp.control.RequestHandlerTests$ResolveURITests" time="0.009"/>
  <testcase name="resolveURIDefault" classname="org.apache.ofbiz.webapp.control.RequestHandlerTests$ResolveURITests" time="0.015"/>
  <testcase name="resolveURINoDefault" classname="org.apache.ofbiz.webapp.control.RequestHandlerTests$ResolveURITests" time="0.004"/>
  <testcase name="resolveURIBasic" classname="org.apache.ofbiz.webapp.control.RequestHandlerTests$ResolveURITests" time="0.003"/>
  <testcase name="resolveURIBasicPut" classname="org.apache.ofbiz.webapp.control.RequestHandlerTests$ResolveURITests" time="0.006"/>
  <system-out><![CDATA[]]></system-out>
  <system-err><![CDATA[]]></system-err>
</testsuite>
