<?xml version="1.0" encoding="UTF-8"?>
<testsuite name="org.apache.ofbiz.base.collections.MultivaluedMapContextAdapterTests" tests="3" skipped="0" failures="0" errors="0" timestamp="2020-03-06T11:08:29" hostname="LAPTOP-FHJVNB38" time="0.04">
  <properties/>
  <testcase name="valuesBasic" classname="org.apache.ofbiz.base.collections.MultivaluedMapContextAdapterTests" time="0.029"/>
  <testcase name="entrySetBasic" classname="org.apache.ofbiz.base.collections.MultivaluedMapContextAdapterTests" time="0.006"/>
  <testcase name="containsValueBasic" classname="org.apache.ofbiz.base.collections.MultivaluedMapContextAdapterTests" time="0.004"/>
  <system-out><![CDATA[]]></system-out>
  <system-err><![CDATA[]]></system-err>
</testsuite>
