<?xml version="1.0" encoding="UTF-8"?>
<testsuite name="org.apache.ofbiz.base.collections.MultivaluedMapContextAdapterTests" tests="3" skipped="0" failures="0" errors="0" timestamp="2018-10-02T07:24:33" hostname="vikram-workstation" time="0.026">
  <properties/>
  <testcase name="valuesBasic" classname="org.apache.ofbiz.base.collections.MultivaluedMapContextAdapterTests" time="0.014"/>
  <testcase name="entrySetBasic" classname="org.apache.ofbiz.base.collections.MultivaluedMapContextAdapterTests" time="0.007"/>
  <testcase name="containsValueBasic" classname="org.apache.ofbiz.base.collections.MultivaluedMapContextAdapterTests" time="0.004"/>
  <system-out><![CDATA[]]></system-out>
  <system-err><![CDATA[]]></system-err>
</testsuite>
