<?xml version="1.0" encoding="UTF-8"?>
<testsuite name="org.apache.ofbiz.base.collections.MultivaluedMapContextTests" tests="6" skipped="0" failures="0" errors="0" timestamp="2020-02-14T05:13:11" hostname="vikram-workstation" time="0.004">
  <properties/>
  <testcase name="addBasic" classname="org.apache.ofbiz.base.collections.MultivaluedMapContextTests" time="0.001"/>
  <testcase name="getFirstBasic" classname="org.apache.ofbiz.base.collections.MultivaluedMapContextTests" time="0.0"/>
  <testcase name="getFirstEmpty" classname="org.apache.ofbiz.base.collections.MultivaluedMapContextTests" time="0.001"/>
  <testcase name="putSingleBasic" classname="org.apache.ofbiz.base.collections.MultivaluedMapContextTests" time="0.001"/>
  <testcase name="addWithPreviousContext" classname="org.apache.ofbiz.base.collections.MultivaluedMapContextTests" time="0.0"/>
  <testcase name="getEmpty" classname="org.apache.ofbiz.base.collections.MultivaluedMapContextTests" time="0.0"/>
  <system-out><![CDATA[]]></system-out>
  <system-err><![CDATA[]]></system-err>
</testsuite>
