<?xml version="1.0" encoding="UTF-8"?>
<testsuite name="org.apache.ofbiz.webapp.control.RequestHandlerTests$ResolveMethodTests" tests="2" skipped="0" failures="0" errors="0" timestamp="2018-10-02T07:24:37" hostname="vikram-workstation" time="0.086">
  <properties/>
  <testcase name="resolveMethodCatchAll" classname="org.apache.ofbiz.webapp.control.RequestHandlerTests$ResolveMethodTests" time="0.085"/>
  <testcase name="resolveMethodBasic" classname="org.apache.ofbiz.webapp.control.RequestHandlerTests$ResolveMethodTests" time="0.001"/>
  <system-out><![CDATA[]]></system-out>
  <system-err><![CDATA[]]></system-err>
</testsuite>
