<?xml version="1.0" encoding="UTF-8"?>
<testsuite name="org.apache.ofbiz.common.GetLocaleListTests" tests="3" skipped="0" failures="0" errors="0" timestamp="2020-02-14T05:13:17" hostname="vikram-workstation" time="0.444">
  <properties/>
  <testcase name="frenchLocaleName" classname="org.apache.ofbiz.common.GetLocaleListTests" time="0.349"/>
  <testcase name="frenchLocaleString" classname="org.apache.ofbiz.common.GetLocaleListTests" time="0.054"/>
  <testcase name="frenchNoDuplicates" classname="org.apache.ofbiz.common.GetLocaleListTests" time="0.039"/>
  <system-out><![CDATA[]]></system-out>
  <system-err><![CDATA[]]></system-err>
</testsuite>
